d:\workspace\learn\cpp基础和标准库\datastructure_tree\release\datastructure_tree.pch
d:\workspace\learn\cpp基础和标准库\datastructure_tree\release\vc140.pdb
d:\workspace\learn\cpp基础和标准库\datastructure_tree\release\stdafx.obj
d:\workspace\learn\cpp基础和标准库\datastructure_tree\release\datastructure_tree.pdb
d:\workspace\learn\cpp基础和标准库\datastructure_tree\release\tree.obj
d:\workspace\learn\cpp基础和标准库\datastructure_tree\release\datastructure_tree.obj
d:\workspace\learn\cpp基础和标准库\datastructure_tree\release\binary_tree.obj
d:\workspace\learn\cpp基础和标准库\release\datastructure_tree.lib
d:\workspace\learn\cpp基础和标准库\release\datastructure_tree.dll
d:\workspace\learn\cpp基础和标准库\release\datastructure_tree.pdb
f:\学习\cpp学习\stl_lerarn\datastructure_tree\release\binary_tree.obj
f:\学习\cpp学习\stl_lerarn\datastructure_tree\release\datastructure_tree.obj
f:\学习\cpp学习\stl_lerarn\datastructure_tree\release\stdafx.obj
f:\学习\cpp学习\stl_lerarn\datastructure_tree\release\tree.obj
f:\学习\cpp学习\stl_lerarn\datastructure_tree\release\datastructure_tree.pch
f:\学习\cpp学习\stl_lerarn\datastructure_tree\release\datastructure_tree.pdb
f:\学习\cpp学习\stl_lerarn\datastructure_tree\release\vc140.pdb
f:\学习\cpp学习\stl_lerarn\datastructure_tree\release\datastru.a1a6c784.tlog\cl.command.1.tlog
f:\学习\cpp学习\stl_lerarn\datastructure_tree\release\datastru.a1a6c784.tlog\cl.read.1.tlog
f:\学习\cpp学习\stl_lerarn\datastructure_tree\release\datastru.a1a6c784.tlog\cl.write.1.tlog
f:\学习\cpp学习\stl_lerarn\datastructure_tree\release\datastru.a1a6c784.tlog\lib-link.read.1.tlog
f:\学习\cpp学习\stl_lerarn\datastructure_tree\release\datastru.a1a6c784.tlog\lib-link.write.1.tlog
f:\学习\cpp学习\stl_lerarn\datastructure_tree\release\datastru.a1a6c784.tlog\lib.command.1.tlog
f:\学习\cpp学习\stl_lerarn\datastructure_tree\release\datastru.a1a6c784.tlog\link.command.1.tlog
f:\学习\cpp学习\stl_lerarn\datastructure_tree\release\datastru.a1a6c784.tlog\link.read.1.tlog
f:\学习\cpp学习\stl_lerarn\datastructure_tree\release\datastru.a1a6c784.tlog\link.write.1.tlog
