f:\学习\cpp学习\stl_lerarn\datastructure_tree\debug\datastructure_tree.pch
f:\学习\cpp学习\stl_lerarn\datastructure_tree\debug\vc140.pdb
f:\学习\cpp学习\stl_lerarn\datastructure_tree\debug\vc140.idb
f:\学习\cpp学习\stl_lerarn\datastructure_tree\debug\stdafx.obj
f:\学习\cpp学习\stl_lerarn\datastructure_tree\debug\binary_tree.obj
f:\学习\cpp学习\stl_lerarn\datastructure_tree\debug\datastructure_tree.obj
f:\学习\cpp学习\stl_lerarn\datastructure_tree\debug\tree.obj
f:\学习\cpp学习\stl_lerarn\debug\datastructure_tree.ilk
f:\学习\cpp学习\stl_lerarn\debug\datastructure_tree.exe
f:\学习\cpp学习\stl_lerarn\debug\datastructure_tree.pdb
e:\workspace\learn\cpp_learn\datastructure_tree\debug\binary_tree.obj
e:\workspace\learn\cpp_learn\datastructure_tree\debug\datastructure_tree.obj
e:\workspace\learn\cpp_learn\datastructure_tree\debug\stdafx.obj
e:\workspace\learn\cpp_learn\datastructure_tree\debug\tree.obj
e:\workspace\learn\cpp_learn\datastructure_tree\debug\datastructure_tree.pch
e:\workspace\learn\cpp_learn\datastructure_tree\debug\vc140.idb
e:\workspace\learn\cpp_learn\datastructure_tree\debug\vc140.pdb
e:\workspace\learn\cpp_learn\datastructure_tree\debug\datastru.a1a6c784.tlog\cl.command.1.tlog
e:\workspace\learn\cpp_learn\datastructure_tree\debug\datastru.a1a6c784.tlog\cl.read.1.tlog
e:\workspace\learn\cpp_learn\datastructure_tree\debug\datastru.a1a6c784.tlog\cl.write.1.tlog
e:\workspace\learn\cpp_learn\datastructure_tree\debug\datastru.a1a6c784.tlog\link.command.1.tlog
e:\workspace\learn\cpp_learn\datastructure_tree\debug\datastru.a1a6c784.tlog\link.read.1.tlog
e:\workspace\learn\cpp_learn\datastructure_tree\debug\datastru.a1a6c784.tlog\link.write.1.tlog
