生成启动时间为 2017/2/3 11:51:45。
     1>项目“E:\WorkSpace\Personal\Learn\cpp\stl_learn\CPPBasic\CPPBasic.vcxproj”在节点 3 上(Build 个目标)。
     1>ClCompile:
         D:\Program Files (x86)\Microsoft Visual Studio 14.0\VC\bin\x86_amd64\CL.exe /c /ZI /nologo /W3 /WX- /sdl /Od /D _DEBUG /D _CONSOLE /D _UNICODE /D UNICODE /Gm /EHsc /RTC1 /MDd /GS /fp:precise /Zc:wchar_t /Zc:forScope /Zc:inline /Yc"stdafx.h" /Fp"x64\Debug\CPPBasic.pch" /Fo"x64\Debug\\" /Fd"x64\Debug\vc140.pdb" /Gd /TP /errorReport:prompt stdafx.cpp
         stdafx.cpp
         D:\Program Files (x86)\Microsoft Visual Studio 14.0\VC\bin\x86_amd64\CL.exe /c /ZI /nologo /W3 /WX- /sdl /Od /D _DEBUG /D _CONSOLE /D _UNICODE /D UNICODE /Gm /EHsc /RTC1 /MDd /GS /fp:precise /Zc:wchar_t /Zc:forScope /Zc:inline /Yu"stdafx.h" /Fp"x64\Debug\CPPBasic.pch" /Fo"x64\Debug\\" /Fd"x64\Debug\vc140.pdb" /Gd /TP /errorReport:prompt auto.cpp const.cpp CPPBasic.cpp
         CPPBasic.cpp
         const.cpp
     1>e:\workspace\personal\learn\cpp\stl_learn\cppbasic\const.cpp(59): warning C4228: 使用了非标准扩展: 忽略声明符列表中逗号后面的限定符
     1>e:\workspace\personal\learn\cpp\stl_learn\cppbasic\const.cpp(64): warning C4101: “p”: 未引用的局部变量
     1>e:\workspace\personal\learn\cpp\stl_learn\cppbasic\const.cpp(92): warning C4312: “类型转换”: 从“s32”转换到更大的“int *”
         auto.cpp
         正在生成代码...
       Link:
         D:\Program Files (x86)\Microsoft Visual Studio 14.0\VC\bin\x86_amd64\link.exe /ERRORREPORT:PROMPT /OUT:"E:\WorkSpace\Personal\Learn\cpp\stl_learn\x64\Debug\CPPBasic.exe" /INCREMENTAL /NOLOGO kernel32.lib user32.lib gdi32.lib winspool.lib comdlg32.lib advapi32.lib shell32.lib ole32.lib oleaut32.lib uuid.lib odbc32.lib odbccp32.lib /MANIFEST /MANIFESTUAC:"level='asInvoker' uiAccess='false'" /manifest:embed /Debug /PDB:"E:\WorkSpace\Personal\Learn\cpp\stl_learn\x64\Debug\CPPBasic.pdb" /SUBSYSTEM:CONSOLE /TLBID:1 /DYNAMICBASE /NXCOMPAT /IMPLIB:"E:\WorkSpace\Personal\Learn\cpp\stl_learn\x64\Debug\CPPBasic.lib" /MACHINE:X64 x64\Debug\auto.obj
         x64\Debug\const.obj
         x64\Debug\CPPBasic.obj
         x64\Debug\stdafx.obj
         CPPBasic.vcxproj -> E:\WorkSpace\Personal\Learn\cpp\stl_learn\x64\Debug\CPPBasic.exe
     1>已完成生成项目“E:\WorkSpace\Personal\Learn\cpp\stl_learn\CPPBasic\CPPBasic.vcxproj”(Build 个目标)的操作。

已成功生成。

已用时间 00:00:06.37
